c:\school\sit digipen - desktop\sem 2.1\cs225\assignment\week 1\lab1\lab1\debug\vc142.pdb
c:\school\sit digipen - desktop\sem 2.1\cs225\assignment\week 1\lab1\lab1\debug\vc142.idb
c:\school\sit digipen - desktop\sem 2.1\cs225\assignment\week 1\lab1\lab1\debug\color.obj
c:\school\sit digipen - desktop\sem 2.1\cs225\assignment\week 1\lab1\lab1\debug\main.obj
c:\school\sit digipen - desktop\sem 2.1\cs225\assignment\week 1\lab1\lab1\debug\background.obj
c:\school\sit digipen - desktop\sem 2.1\cs225\assignment\week 1\lab1\debug\lab1.pdb
c:\school\sit digipen - desktop\sem 2.1\cs225\assignment\week 1\lab1\lab1\debug\lab1.tlog\cl.command.1.tlog
c:\school\sit digipen - desktop\sem 2.1\cs225\assignment\week 1\lab1\lab1\debug\lab1.tlog\cl.read.1.tlog
c:\school\sit digipen - desktop\sem 2.1\cs225\assignment\week 1\lab1\lab1\debug\lab1.tlog\cl.write.1.tlog
c:\school\sit digipen - desktop\sem 2.1\cs225\assignment\week 1\lab1\lab1\debug\lab1.tlog\link-cvtres.read.1.tlog
c:\school\sit digipen - desktop\sem 2.1\cs225\assignment\week 1\lab1\lab1\debug\lab1.tlog\link-cvtres.write.1.tlog
c:\school\sit digipen - desktop\sem 2.1\cs225\assignment\week 1\lab1\lab1\debug\lab1.tlog\link-rc.read.1.tlog
c:\school\sit digipen - desktop\sem 2.1\cs225\assignment\week 1\lab1\lab1\debug\lab1.tlog\link-rc.write.1.tlog
c:\school\sit digipen - desktop\sem 2.1\cs225\assignment\week 1\lab1\lab1\debug\lab1.tlog\link.14388-cvtres.read.1.tlog
c:\school\sit digipen - desktop\sem 2.1\cs225\assignment\week 1\lab1\lab1\debug\lab1.tlog\link.14388-cvtres.write.1.tlog
c:\school\sit digipen - desktop\sem 2.1\cs225\assignment\week 1\lab1\lab1\debug\lab1.tlog\link.14388-rc.read.1.tlog
c:\school\sit digipen - desktop\sem 2.1\cs225\assignment\week 1\lab1\lab1\debug\lab1.tlog\link.14388-rc.write.1.tlog
c:\school\sit digipen - desktop\sem 2.1\cs225\assignment\week 1\lab1\lab1\debug\lab1.tlog\link.14388.read.1.tlog
c:\school\sit digipen - desktop\sem 2.1\cs225\assignment\week 1\lab1\lab1\debug\lab1.tlog\link.14388.write.1.tlog
c:\school\sit digipen - desktop\sem 2.1\cs225\assignment\week 1\lab1\lab1\debug\lab1.tlog\link.command.1.tlog
c:\school\sit digipen - desktop\sem 2.1\cs225\assignment\week 1\lab1\lab1\debug\lab1.tlog\link.read.1.tlog
c:\school\sit digipen - desktop\sem 2.1\cs225\assignment\week 1\lab1\lab1\debug\lab1.tlog\link.write.1.tlog
