c:\school\sit digipen - desktop\sem 1.3\cs170\finals\finals\debug\vc142.pdb
c:\school\sit digipen - desktop\sem 1.3\cs170\finals\finals\debug\vc142.idb
c:\school\sit digipen - desktop\sem 1.3\cs170\finals\finals\debug\test4.obj
c:\school\sit digipen - desktop\sem 1.3\cs170\finals\finals\debug\test3.obj
c:\school\sit digipen - desktop\sem 1.3\cs170\finals\finals\debug\test2.obj
c:\school\sit digipen - desktop\sem 1.3\cs170\finals\finals\debug\test.obj
c:\school\sit digipen - desktop\sem 1.3\cs170\finals\finals\debug\final.obj
c:\school\sit digipen - desktop\sem 1.3\cs170\finals\finals\debug\12_polymorphism.obj
c:\school\sit digipen - desktop\sem 1.3\cs170\finals\finals\debug\11_inheritance.obj
c:\school\sit digipen - desktop\sem 1.3\cs170\finals\finals\debug\10_exceptions.obj
c:\school\sit digipen - desktop\sem 1.3\cs170\finals\finals\debug\9_templates.obj
c:\school\sit digipen - desktop\sem 1.3\cs170\finals\finals\debug\6_operator_overloading.obj
c:\school\sit digipen - desktop\sem 1.3\cs170\finals\finals\debug\5_member_functions.obj
c:\school\sit digipen - desktop\sem 1.3\cs170\finals\finals\debug\4_classes_part2.obj
c:\school\sit digipen - desktop\sem 1.3\cs170\finals\finals\debug\4_classes_part1.obj
c:\school\sit digipen - desktop\sem 1.3\cs170\finals\finals\debug\3_functions.obj
c:\school\sit digipen - desktop\sem 1.3\cs170\finals\finals\debug\2_dynamic_memory_reference_namespace.obj
c:\school\sit digipen - desktop\sem 1.3\cs170\finals\finals\debug\1_c_and_cpplus.obj
c:\school\sit digipen - desktop\sem 1.3\cs170\finals\finals\debug\test5.obj
c:\school\sit digipen - desktop\sem 1.3\cs170\finals\debug\finals.exe
c:\school\sit digipen - desktop\sem 1.3\cs170\finals\debug\finals.ilk
c:\school\sit digipen - desktop\sem 1.3\cs170\finals\debug\finals.pdb
c:\school\sit digipen - desktop\sem 1.3\cs170\finals\finals\debug\finals.tlog\cl.command.1.tlog
c:\school\sit digipen - desktop\sem 1.3\cs170\finals\finals\debug\finals.tlog\cl.read.1.tlog
c:\school\sit digipen - desktop\sem 1.3\cs170\finals\finals\debug\finals.tlog\cl.write.1.tlog
c:\school\sit digipen - desktop\sem 1.3\cs170\finals\finals\debug\finals.tlog\link.command.1.tlog
c:\school\sit digipen - desktop\sem 1.3\cs170\finals\finals\debug\finals.tlog\link.read.1.tlog
c:\school\sit digipen - desktop\sem 1.3\cs170\finals\finals\debug\finals.tlog\link.write.1.tlog
